<?xml version="1.0" encoding="UTF-8"?>
<Site BuildName="(empty)"
	BuildStamp="20240812-0542-Experimental"
	Name="sora-in15-3530"
	Generator="ctest-3.22.1"
	CompilerName="/usr/bin/c++"
	CompilerVersion="11.4.0"
	OSName="Linux"
	Hostname="sora-in15-3530"
	OSRelease="6.5.0-1027-oem"
	OSVersion="#28-Ubuntu SMP PREEMPT_DYNAMIC Thu Jul 25 13:32:46 UTC 2024"
	OSPlatform="x86_64"
	Is64Bits="1"
	VendorString="GenuineIntel"
	VendorID="Intel Corporation"
	FamilyID="6"
	ModelID="186"
	ProcessorCacheSize="12288"
	NumberOfLogicalCPU="12"
	NumberOfPhysicalCPU="10"
	TotalVirtualMemory="2047"
	TotalPhysicalMemory="15669"
	LogicalProcessorsPerPhysical="1"
	ProcessorClockFrequency="3077.21"
	>
	<Testing>
		<StartDateTime>Aug 12 14:49 KST</StartDateTime>
		<StartTestTime>1723441769</StartTestTime>
		<TestList/>
		<EndDateTime>Aug 12 14:49 KST</EndDateTime>
		<EndTestTime>1723441769</EndTestTime>
		<ElapsedMinutes>0</ElapsedMinutes>
	</Testing>
</Site>
